\BOOKMARK [1][-]{section.1}{\376\377\000I\000n\000t\000r\000o\000d\000u\000\347\000\343\000o}{}% 1
\BOOKMARK [1][-]{section.2}{\376\377\000A\000r\000q\000u\000i\000v\000o\000s\000\040\000d\000o\000\040\000R\000\040\000M\000a\000r\000k\000d\000o\000w\000n}{}% 2
\BOOKMARK [2][-]{subsection.2.1}{\376\377\000A\000r\000q\000u\000i\000v\000o\000s\000\040\000s\000i\000m\000p\000l\000e\000s\000\040\000e\000\040\000T\000e\000m\000p\000l\000a\000t\000e\000s}{section.2}% 3
\BOOKMARK [2][-]{subsection.2.2}{\376\377\000C\000r\000i\000a\000n\000d\000o\000\040\000u\000m\000\040\000n\000o\000v\000o\000\040\000d\000o\000c\000u\000m\000e\000n\000t\000o\000\040\000d\000o\000\040\000R\000\040\000M\000a\000r\000k\000d\000o\000w\000n}{section.2}% 4
\BOOKMARK [2][-]{subsection.2.3}{\376\377\000E\000l\000e\000m\000e\000n\000t\000o\000s\000\040\000d\000o\000\040\000a\000r\000q\000u\000i\000v\000o\000\040\000.\000r\000m\000d}{section.2}% 5
\BOOKMARK [3][-]{subsubsection.2.3.1}{\376\377\000C\000a\000b\000e\000\347\000a\000l\000h\000o\000\040\000Y\000A\000M\000L}{subsection.2.3}% 6
\BOOKMARK [3][-]{subsubsection.2.3.2}{\376\377\000B\000l\000o\000c\000o\000s\000\040\000d\000e\000\040\000c\000\363\000d\000i\000g\000o\000s\000\040\000\050\000C\000h\000u\000n\000k\000s\000\051}{subsection.2.3}% 7
\BOOKMARK [4][-]{paragraph.2.3.2.1}{\376\377\000A\000r\000g\000u\000m\000e\000n\000t\000o\000s\000\040\000d\000o\000\040\000c\000h\000u\000n\000k}{subsubsection.2.3.2}% 8
\BOOKMARK [3][-]{subsubsection.2.3.3}{\376\377\000C\000\363\000d\000i\000g\000o\000s\000\040\000i\000n\000l\000i\000n\000e}{subsection.2.3}% 9
\BOOKMARK [1][-]{section.3}{\376\377\000F\000o\000r\000m\000a\000t\000a\000\347\000\343\000o\000\040\000d\000e\000\040\000t\000e\000x\000t\000o}{}% 10
\BOOKMARK [2][-]{subsection.3.1}{\376\377\000F\000o\000r\000m\000a\000t\000a\000\347\000\365\000e\000s\000\040\000s\000i\000m\000p\000l\000e\000s\000\040\000d\000e\000\040\000t\000e\000x\000t\000o\000\040\000e\000m\000\040\000l\000i\000n\000g\000u\000a\000g\000e\000m\000\040\000d\000e\000\040\000m\000a\000r\000c\000a\000\347\000\343\000o}{section.3}% 11
\BOOKMARK [2][-]{subsection.3.2}{\376\377\000F\000o\000r\000m\000a\000t\000a\000\347\000\365\000e\000s\000\040\000m\000a\000i\000s\000\040\000a\000v\000a\000n\000\347\000a\000d\000a\000s\000\040\000d\000e\000\040\000t\000e\000x\000t\000o\000\040\000u\000t\000i\000l\000i\000z\000a\000n\000d\000o\000\040\000l\000i\000n\000g\000u\000a\000g\000e\000m\000\040}{section.3}% 12
\BOOKMARK [3][-]{subsubsection.3.2.1}{\376\377\000A\000l\000t\000e\000r\000a\000r\000\040\000a\000\040\000c\000o\000r\000\040\000d\000o\000\040\000t\000e\000x\000t\000o}{subsection.3.2}% 13
\BOOKMARK [3][-]{subsubsection.3.2.2}{\376\377\000A\000l\000t\000e\000r\000a\000r\000\040\000a\000\040\000c\000o\000r\000\040\000d\000o\000\040\000f\000u\000n\000d\000o\000\040\000d\000o\000\040\000t\000e\000x\000t\000o}{subsection.3.2}% 14
\BOOKMARK [3][-]{subsubsection.3.2.3}{\376\377\000T\000e\000x\000t\000o\000\040\000s\000u\000b\000l\000i\000n\000h\000a\000d\000o}{subsection.3.2}% 15
\BOOKMARK [3][-]{subsubsection.3.2.4}{\376\377\000A\000l\000t\000e\000r\000a\000r\000\040\000o\000\040\000t\000a\000m\000a\000n\000h\000o\000\040\000d\000a\000\040\000f\000o\000n\000t\000e}{subsection.3.2}% 16
\BOOKMARK [3][-]{subsubsection.3.2.5}{\376\377\000A\000d\000i\000c\000i\000o\000n\000a\000r\000\040\000e\000s\000p\000a\000\347\000o\000\040\000e\000m\000\040\000b\000r\000a\000n\000c\000o\000\040\000e\000n\000t\000r\000e\000\040\000p\000a\000l\000a\000v\000r\000a\000s}{subsection.3.2}% 17
\BOOKMARK [3][-]{subsubsection.3.2.6}{\376\377\000A\000d\000i\000c\000i\000o\000n\000a\000r\000\040\000e\000s\000p\000a\000\347\000o\000\040\000e\000m\000\040\000b\000r\000a\000n\000c\000o\000\040\000e\000n\000t\000r\000e\000\040\000l\000i\000n\000h\000a\000s}{subsection.3.2}% 18
\BOOKMARK [3][-]{subsubsection.3.2.7}{\376\377\000Q\000u\000e\000b\000r\000a\000\040\000d\000e\000\040\000p\000\341\000g\000i\000n\000a}{subsection.3.2}% 19
\BOOKMARK [1][-]{section.4}{\376\377\000S\000e\000\347\000\365\000e\000s\000\040\000e\000\040\000s\000u\000b\000s\000e\000\347\000\365\000e\000s}{}% 20
\BOOKMARK [1][-]{section.5}{\376\377\000L\000i\000s\000t\000a\000s}{}% 21
\BOOKMARK [2][-]{subsection.5.1}{\376\377\000L\000i\000s\000t\000a\000s\000\040\000n\000\343\000o\000\040\000o\000r\000d\000e\000n\000a\000d\000a\000s}{section.5}% 22
\BOOKMARK [2][-]{subsection.5.2}{\376\377\000L\000i\000s\000t\000a\000s\000\040\000o\000r\000d\000e\000n\000a\000d\000a\000s}{section.5}% 23
\BOOKMARK [1][-]{section.6}{\376\377\000H\000i\000p\000e\000r\000l\000i\000n\000k\000s}{}% 24
\BOOKMARK [1][-]{section.7}{\376\377\000N\000o\000t\000a\000s\000\040\000d\000e\000\040\000r\000o\000d\000a\000p\000\351}{}% 25
\BOOKMARK [1][-]{section.8}{\376\377\000C\000i\000t\000a\000\347\000\365\000e\000s}{}% 26
\BOOKMARK [1][-]{section.9}{\376\377\000I\000m\000a\000g\000e\000n\000s}{}% 27
\BOOKMARK [2][-]{subsection.9.1}{\376\377\000I\000m\000a\000g\000e\000n\000s\000\040\000e\000x\000t\000e\000r\000n\000a\000s}{section.9}% 28
\BOOKMARK [2][-]{subsection.9.2}{\376\377\000I\000n\000s\000e\000r\000i\000n\000d\000o\000\040\000i\000m\000a\000g\000e\000n\000s\000\040\000e\000x\000t\000e\000r\000n\000a\000s\000\040\000c\000o\000m\000\040\000u\000m\000\040\000c\000h\000u\000n\000k}{section.9}% 29
\BOOKMARK [2][-]{subsection.9.3}{\376\377\000I\000n\000s\000e\000r\000i\000n\000d\000o\000\040\000g\000r\000\341\000f\000i\000c\000o\000s\000\040\000d\000o\000\040\000R}{section.9}% 30
\BOOKMARK [1][-]{section.10}{\376\377\000T\000a\000b\000e\000l\000a\000s}{}% 31
\BOOKMARK [2][-]{subsection.10.1}{\376\377\000G\000e\000r\000a\000n\000d\000o\000\040\000t\000a\000b\000e\000l\000a\000s\000\040\000s\000i\000m\000p\000l\000e\000s\000\040\000n\000o\000\040\000R\000\040\000M\000a\000r\000k\000d\000o\000w\000n}{section.10}% 32
\BOOKMARK [2][-]{subsection.10.2}{\376\377\000T\000a\000b\000e\000l\000a\000s\000\040\000u\000s\000a\000n\000d\000o\000\040\000l\000i\000n\000g\000u\000a\000g\000e\000m\000\040}{section.10}% 33
\BOOKMARK [2][-]{subsection.10.3}{\376\377\000T\000a\000b\000e\000l\000a\000s\000\040\000d\000o\000\040\000R\000\040\000f\000o\000r\000m\000a\000t\000a\000d\000a\000s}{section.10}% 34
\BOOKMARK [1][-]{section.11}{\376\377\000E\000q\000u\000a\000\347\000\365\000e\000s}{}% 35
\BOOKMARK [2][-]{subsection.11.1}{\376\377\000E\000q\000u\000a\000\347\000\365\000e\000s\000\040\000u\000t\000i\000l\000i\000z\000a\000n\000d\000o\000\040\000o\000\040\000s\000\355\000m\000b\000o\000l\000o\000\040\000`\000`\000\044\000'\000'}{section.11}% 36
\BOOKMARK [2][-]{subsection.11.2}{\376\377\000E\000q\000u\000a\000\347\000\365\000e\000s\000\040\000u\000t\000i\000l\000i\000z\000a\000n\000d\000o\000\040\000a\000\040\000s\000i\000n\000t\000a\000x\000e\000\040\000\134\000b\000e\000g\000i\000n\000\173\000e\000q\000u\000a\000t\000i\000o\000n\000\175\000.\000.\000.\000\134\000e\000n\000d\000\173\000e\000q\000u\000a\000t\000i\000o\000n\000\175}{section.11}% 37
\BOOKMARK [2][-]{subsection.11.3}{\376\377\000M\000a\000i\000s\000\040\000e\000x\000e\000m\000p\000l\000o\000s\000\040\000d\000e\000\040\000e\000s\000c\000r\000i\000t\000a\000\040\000m\000a\000t\000e\000m\000\341\000t\000i\000c\000a\000\040\000e\000m\000\040}{section.11}% 38
\BOOKMARK [3][-]{subsubsection.11.3.1}{\376\377\000F\000r\000a\000\347\000\365\000e\000s}{subsection.11.3}% 39
\BOOKMARK [3][-]{subsubsection.11.3.2}{\376\377\000M\000a\000t\000r\000i\000z\000e\000s}{subsection.11.3}% 40
\BOOKMARK [3][-]{subsubsection.11.3.3}{\376\377\000F\000\363\000r\000m\000u\000l\000a\000s}{subsection.11.3}% 41
\BOOKMARK [1][-]{section.12}{\376\377\000R\000e\000f\000e\000r\000\352\000n\000c\000i\000a\000s\000\040\000c\000r\000u\000z\000a\000d\000a\000s}{}% 42
\BOOKMARK [2][-]{subsection.12.1}{\376\377\000R\000e\000f\000e\000r\000e\000n\000c\000i\000a\000n\000d\000o\000\040\000s\000e\000\347\000\365\000e\000s}{section.12}% 43
\BOOKMARK [3][-]{subsubsection.12.1.1}{\376\377\000S\000u\000b\000s\000e\000\347\000\343\000o\000\040\000t\000e\000s\000t\000e}{subsection.12.1}% 44
\BOOKMARK [2][-]{subsection.12.2}{\376\377\000R\000e\000f\000e\000r\000e\000n\000c\000i\000a\000n\000d\000o\000\040\000f\000i\000g\000u\000r\000a\000s}{section.12}% 45
\BOOKMARK [2][-]{subsection.12.3}{\376\377\000R\000e\000f\000e\000r\000e\000n\000c\000i\000a\000n\000d\000o\000\040\000t\000a\000b\000e\000l\000a\000s}{section.12}% 46
\BOOKMARK [2][-]{subsection.12.4}{\376\377\000R\000e\000f\000e\000r\000e\000n\000c\000i\000a\000n\000d\000o\000\040\000e\000q\000u\000a\000\347\000\365\000e\000s}{section.12}% 47
\BOOKMARK [1][-]{section.13}{\376\377\000R\000e\000f\000e\000r\000\352\000n\000c\000i\000a\000s\000\040\000b\000i\000b\000l\000i\000o\000g\000r\000\341\000f\000i\000c\000a\000s\000\040\000u\000t\000i\000l\000i\000z\000a\000n\000d\000o\000\040\000o\000\040\000B\000i\000b\000T\000e\000X}{}% 48
\BOOKMARK [2][-]{subsection.13.1}{\376\377\000A\000r\000q\000u\000i\000v\000o\000\040\000B\000i\000b\000t\000e\000x}{section.13}% 49
\BOOKMARK [2][-]{subsection.13.2}{\376\377\000A\000j\000u\000s\000t\000e\000\040\000a\000u\000t\000o\000m\000\341\000t\000i\000c\000o\000\040\000d\000a\000s\000\040\000r\000e\000f\000e\000r\000\352\000n\000c\000i\000a\000s\000\040\000p\000a\000r\000a\000\040\000a\000s\000\040\000n\000o\000r\000m\000a\000s\000\040\000d\000a\000\040\000A\000B\000N\000T}{section.13}% 50
\BOOKMARK [2][-]{subsection.13.3}{\376\377\000C\000i\000t\000a\000n\000d\000o\000\040\000u\000m\000a\000\040\000r\000e\000f\000e\000r\000\352\000n\000c\000i\000a\000\040\000b\000i\000b\000l\000i\000o\000g\000r\000\341\000f\000i\000c\000a}{section.13}% 51
\BOOKMARK [1][-]{section.14}{\376\377\000E\000s\000t\000r\000u\000t\000u\000r\000a\000s\000\040\000c\000o\000n\000d\000i\000c\000i\000o\000n\000a\000i\000s\000\040\000d\000e\000\040\000t\000e\000x\000t\000o\000s}{}% 52
\BOOKMARK [1][-]{section.15}{\376\377\000T\000r\000a\000b\000a\000l\000h\000o\000:\000\040\000R\000e\000l\000a\000t\000\363\000r\000i\000o\000\040\000d\000i\000n\000\342\000m\000i\000c\000o\000\040\000n\000o\000\040\000R\000\040\000M\000a\000r\000k\000d\000o\000w\000n}{}% 53
\BOOKMARK [1][-]{section*.2}{\376\377\000B\000I\000B\000L\000I\000O\000G\000R\000A\000F\000I\000A}{}% 54
